Converting PDF: examples/Ergänzungstarif für Wahlleistungen im Krankenhaus SW101.pdf
Settings: DPI=300, Format=png, Colorspace=rgb, Alpha=False
Outputting to: /home/daniel/Documents/dev/pdf-to-md/examples/png
  Saved: /home/daniel/Documents/dev/pdf-to-md/examples/png/page_1.png

Successfully converted 1 pages.

[LOG] Starting column analysis for image: '/home/daniel/Documents/dev/pdf-to-md/examples/png/page_1.png'
[LOG] Language: 'deu', Tesseract Config: '--psm 3'
[LOG] Starting image loading...
[LOG] Image loaded successfully. Dimensions: 2480x3509 (WxH)
[LOG] Calling Tesseract (pytesseract.image_to_data)...
[LOG] Raw Tesseract data
[LOG]   level: [1, 2, 3, 4, 5]...
[LOG]   page_num: [1, 1, 1, 1, 1]...
[LOG]   block_num: [0, 1, 1, 1, 1]...
[LOG]   par_num: [0, 0, 1, 1, 1]...
[LOG]   line_num: [0, 0, 0, 1, 1]...
[LOG]   word_num: [0, 0, 0, 0, 1]...
[LOG]   left: [0, 2275, 2275, 2275, 2275]...
[LOG]   top: [0, 144, 144, 144, 144]...
[LOG]   width: [2480, 41, 41, 41, 41]...
[LOG]   height: [3509, 192, 192, 192, 192]...
[LOG]   conf: [-1, -1, -1, -1, 95]...
[LOG]   text: ['', '', '', '', ' ']...
[LOG] Processing 293 items from Tesseract output to identify blocks and words...
[LOG] Consolidating 20 Tesseract blocks into columns with their words:
[LOG]   Block 1: BBox=[2275, 144, 2316, 336], Elements=4, Words Found=0
[LOG]   Block 2: BBox=[237, 143, 2277, 331], Elements=11, Words Found=7
[LOG]   Block 3: BBox=[236, 300, 2312, 443], Elements=13, Words Found=9
[LOG]   Block 4: BBox=[236, 680, 2300, 765], Elements=21, Words Found=17
[LOG]   Block 5: BBox=[236, 904, 788, 951], Elements=4, Words Found=1
[LOG]   Block 6: BBox=[236, 990, 2303, 1166], Elements=50, Words Found=44
[LOG]   Block 7: BBox=[237, 1214, 1931, 1253], Elements=15, Words Found=12
[LOG]   Block 8: BBox=[240, 1381, 931, 1428], Elements=6, Words Found=3
[LOG]   Block 9: BBox=[239, 1463, 1137, 1510], Elements=9, Words Found=6
[LOG]   Block 10: BBox=[355, 1560, 2301, 1645], Elements=17, Words Found=13
[LOG]   Block 11: BBox=[354, 1706, 1774, 1804], Elements=18, Words Found=14
[LOG]   Block 12: BBox=[1091, 1844, 1484, 1882], Elements=6, Words Found=3
[LOG]   Block 13: BBox=[239, 2014, 1254, 2053], Elements=8, Words Found=5
[LOG]   Block 14: BBox=[297, 2096, 2303, 2181], Elements=25, Words Found=21
[LOG]   Block 15: BBox=[298, 2226, 2303, 2316], Elements=26, Words Found=22
[LOG]   Block 16: BBox=[297, 2356, 2300, 2446], Elements=28, Words Found=24
[LOG]   Block 17: BBox=[240, 2552, 1184, 2599], Elements=6, Words Found=3
[LOG]   Block 18: BBox=[239, 2634, 1443, 2673], Elements=11, Words Found=8
[LOG]   Block 19: BBox=[1780, 3357, 2296, 3388], Elements=10, Words Found=7
[LOG]   Block 20: BBox=[2369, 2801, 2387, 2958], Elements=4, Words Found=1
[LOG] Analysis complete. Detected 20 columns.
{
    "numberOfTextColumns": 20,
    "columns": [
        {
            "boundingBox_Pixels": [
                2275,
                144,
                2316,
                336
            ],
            "words": [],
            "full_text": "",
            "tesseract_block_num": 1
        },
        {
            "boundingBox_Pixels": [
                237,
                143,
                2277,
                331
            ],
            "words": [
                "Tarif",
                "SW101",
                "E[KZ[:{|",
                "\u00ae",
                "DA",
                "L\u2014L",
                "\u2014\u2014"
            ],
            "full_text": "Tarif SW101 E[KZ[:{| \u00ae DA L\u2014L \u2014\u2014",
            "tesseract_block_num": 2
        },
        {
            "boundingBox_Pixels": [
                236,
                300,
                2312,
                443
            ],
            "words": [
                "Erganz_ungstanf_fur",
                "Landeskrankenhilfe",
                "Wahlleistungen",
                "im",
                "Krankenhaus",
                "Hauptverwaltung",
                "-",
                "21332",
                "L\u00fcneburg"
            ],
            "full_text": "Erganz_ungstanf_fur Landeskrankenhilfe Wahlleistungen im Krankenhaus Hauptverwaltung - 21332 L\u00fcneburg",
            "tesseract_block_num": 3
        },
        {
            "boundingBox_Pixels": [
                236,
                680,
                2300,
                765
            ],
            "words": [
                "F\u00fcr",
                "Versicherungsverh\u00e4ltnisse",
                "nach",
                "diesem",
                "Tarif",
                "gelten",
                "die",
                "jeweiligen",
                "Allgemeinen",
                "Versicherungsbedingungen",
                "f\u00fcr",
                "die",
                "Krankheitskosten-",
                "und",
                "Krankenhaustagegeldversicherung",
                "(AVB/KKV",
                "A/S/Z)."
            ],
            "full_text": "F\u00fcr Versicherungsverh\u00e4ltnisse nach diesem Tarif gelten die jeweiligen Allgemeinen Versicherungsbedingungen f\u00fcr die Krankheitskosten- und Krankenhaustagegeldversicherung (AVB/KKV A/S/Z).",
            "tesseract_block_num": 4
        },
        {
            "boundingBox_Pixels": [
                236,
                904,
                788,
                951
            ],
            "words": [
                "Versicherungsf\u00e4higkeit"
            ],
            "full_text": "Versicherungsf\u00e4higkeit",
            "tesseract_block_num": 5
        },
        {
            "boundingBox_Pixels": [
                236,
                990,
                2303,
                1166
            ],
            "words": [
                "Versicherungsf\u00e4hig",
                "nach",
                "diesem",
                "Tarif",
                "sind",
                "Personen,",
                "die",
                "bei",
                "der",
                "LKH",
                "nach",
                "dem",
                "Studententarif",
                "PSKV,",
                "einem",
                "Tarif",
                "der",
                "Tarifgruppe",
                "P",
                "oder",
                "als",
                "Beihilfeberechtigte",
                "oder",
                "deren",
                "ber\u00fccksichtigungsf\u00e4hige",
                "Angeh\u00f6rige",
                "in",
                "einem",
                "station\u00e4ren",
                "Beihilfetarif",
                "ohne",
                "mitversicherte",
                "Wahlleistungen",
                "versichert",
                "sind.",
                "Eine",
                "Anwartschaftsversicherung",
                "gilt",
                "nicht",
                "als",
                "Versicherung",
                "im",
                "vorgenannten",
                "Sinne."
            ],
            "full_text": "Versicherungsf\u00e4hig nach diesem Tarif sind Personen, die bei der LKH nach dem Studententarif PSKV, einem Tarif der Tarifgruppe P oder als Beihilfeberechtigte oder deren ber\u00fccksichtigungsf\u00e4hige Angeh\u00f6rige in einem station\u00e4ren Beihilfetarif ohne mitversicherte Wahlleistungen versichert sind. Eine Anwartschaftsversicherung gilt nicht als Versicherung im vorgenannten Sinne.",
            "tesseract_block_num": 6
        },
        {
            "boundingBox_Pixels": [
                237,
                1214,
                1931,
                1253
            ],
            "words": [
                "Wenn",
                "f\u00fcr",
                "die",
                "versicherte",
                "Person",
                "keine",
                "Versicherungsf\u00e4higkeit",
                "mehr",
                "besteht,",
                "endet",
                "der",
                "Tarif."
            ],
            "full_text": "Wenn f\u00fcr die versicherte Person keine Versicherungsf\u00e4higkeit mehr besteht, endet der Tarif.",
            "tesseract_block_num": 7
        },
        {
            "boundingBox_Pixels": [
                240,
                1381,
                931,
                1428
            ],
            "words": [
                "Leistungen",
                "des",
                "Versicherers:"
            ],
            "full_text": "Leistungen des Versicherers:",
            "tesseract_block_num": 8
        },
        {
            "boundingBox_Pixels": [
                239,
                1463,
                1137,
                1510
            ],
            "words": [
                "l.",
                "_",
                "Krankenhausbehandlung",
                "\u2014",
                "Kostenersatz",
                "\u2014"
            ],
            "full_text": "l. _ Krankenhausbehandlung \u2014 Kostenersatz \u2014",
            "tesseract_block_num": 9
        },
        {
            "boundingBox_Pixels": [
                355,
                1560,
                2301,
                1645
            ],
            "words": [
                "Bei",
                "station\u00e4rer",
                "Behandlung",
                "(auch",
                "vor-",
                "und",
                "nachstation\u00e4r)",
                "werden",
                "die",
                "Aufwendungen",
                "f\u00fcr",
                "die",
                "Wahlleistungen"
            ],
            "full_text": "Bei station\u00e4rer Behandlung (auch vor- und nachstation\u00e4r) werden die Aufwendungen f\u00fcr die Wahlleistungen",
            "tesseract_block_num": 10
        },
        {
            "boundingBox_Pixels": [
                354,
                1706,
                1774,
                1804
            ],
            "words": [
                "*",
                "gesondert",
                "berechenbare",
                "Unterbringung",
                "im",
                "Ein-",
                "oder",
                "Zweibettzimmer",
                "und",
                "*",
                "gesondert",
                "berechenbare",
                "privat\u00e4rztliche",
                "Leistungen"
            ],
            "full_text": "* gesondert berechenbare Unterbringung im Ein- oder Zweibettzimmer und * gesondert berechenbare privat\u00e4rztliche Leistungen",
            "tesseract_block_num": 11
        },
        {
            "boundingBox_Pixels": [
                1091,
                1844,
                1484,
                1882
            ],
            "words": [
                "zu",
                "100%",
                "erstattet."
            ],
            "full_text": "zu 100% erstattet.",
            "tesseract_block_num": 12
        },
        {
            "boundingBox_Pixels": [
                239,
                2014,
                1254,
                2053
            ],
            "words": [
                "Il.",
                "Krankenhaustagegeld",
                "anstelle",
                "von",
                "Kostenersatz"
            ],
            "full_text": "Il. Krankenhaustagegeld anstelle von Kostenersatz",
            "tesseract_block_num": 13
        },
        {
            "boundingBox_Pixels": [
                297,
                2096,
                2303,
                2181
            ],
            "words": [
                "a)",
                "Wird",
                "keine",
                "gesondert",
                "berechenbare",
                "Unterkunft",
                "in",
                "Anspruch",
                "genommen,",
                "so",
                "erh\u00e4lt",
                "der",
                "Versicherte",
                "f\u00fcr",
                "jeden",
                "Behandlungstag",
                "ein",
                "Krankenhaustagegeld",
                "von",
                "20,-",
                "EUR."
            ],
            "full_text": "a) Wird keine gesondert berechenbare Unterkunft in Anspruch genommen, so erh\u00e4lt der Versicherte f\u00fcr jeden Behandlungstag ein Krankenhaustagegeld von 20,- EUR.",
            "tesseract_block_num": 14
        },
        {
            "boundingBox_Pixels": [
                298,
                2226,
                2303,
                2316
            ],
            "words": [
                "b)",
                "Werden",
                "keine",
                "gesondert",
                "berechenbaren",
                "\u00e4rztlichen",
                "Leistungen",
                "in",
                "Anspruch",
                "genommen,",
                "so",
                "erh\u00e4lt",
                "der",
                "Versicherte",
                "f\u00fcr",
                "jeden",
                "Behandlungstag",
                "ein",
                "Krankenhaustagegeld",
                "von",
                "30,-",
                "EUR."
            ],
            "full_text": "b) Werden keine gesondert berechenbaren \u00e4rztlichen Leistungen in Anspruch genommen, so erh\u00e4lt der Versicherte f\u00fcr jeden Behandlungstag ein Krankenhaustagegeld von 30,- EUR.",
            "tesseract_block_num": 15
        },
        {
            "boundingBox_Pixels": [
                297,
                2356,
                2300,
                2446
            ],
            "words": [
                "c)",
                "Werden",
                "weder",
                "gesondert",
                "berechenbare",
                "Unterkunft",
                "noch",
                "gesondert",
                "berechenbare",
                "\u00e4rztliche",
                "Leistungen",
                "in",
                "Anspruch",
                "genommen,",
                "wird",
                "f\u00fcr",
                "jeden",
                "Behandlungstag",
                "ein",
                "Krankenhaustagegeld",
                "von",
                "50,-",
                "EUR",
                "gezahlt."
            ],
            "full_text": "c) Werden weder gesondert berechenbare Unterkunft noch gesondert berechenbare \u00e4rztliche Leistungen in Anspruch genommen, wird f\u00fcr jeden Behandlungstag ein Krankenhaustagegeld von 50,- EUR gezahlt.",
            "tesseract_block_num": 16
        },
        {
            "boundingBox_Pixels": [
                240,
                2552,
                1184,
                2599
            ],
            "words": [
                "Leistungen",
                "des",
                "Versicherungsnehmers:"
            ],
            "full_text": "Leistungen des Versicherungsnehmers:",
            "tesseract_block_num": 17
        },
        {
            "boundingBox_Pixels": [
                239,
                2634,
                1443,
                2673
            ],
            "words": [
                "Die",
                "monatlichen",
                "Beitr\u00e4ge",
                "ergeben",
                "sich",
                "aus",
                "der",
                "Beitrags\u00fcbersicht."
            ],
            "full_text": "Die monatlichen Beitr\u00e4ge ergeben sich aus der Beitrags\u00fcbersicht.",
            "tesseract_block_num": 18
        },
        {
            "boundingBox_Pixels": [
                1780,
                3357,
                2296,
                3388
            ],
            "words": [
                "(LKH",
                "2-111",
                "03.13)",
                "Seite",
                "1",
                "von",
                "1"
            ],
            "full_text": "(LKH 2-111 03.13) Seite 1 von 1",
            "tesseract_block_num": 19
        },
        {
            "boundingBox_Pixels": [
                2369,
                2801,
                2387,
                2958
            ],
            "words": [
                "EL\u2019EO/LLLLZW"
            ],
            "full_text": "EL\u2019EO/LLLLZW",
            "tesseract_block_num": 20
        }
    ]
}
